<?xml version="1.0" encoding="UTF-8"?>
<!-- Generated by org.testng.reporters.JUnitReportReporter -->
<testsuite hostname="LAPTOP-43ST5V3O" failures="0" tests="3" name="tests.DynamicJsonExample" time="2.573" errors="0" timestamp="2024-08-14T03:51:46 WIB" skipped="0">
  <testcase classname="tests.DynamicJsonExample" name="addBook" time="0.250"/>
  <testcase classname="tests.DynamicJsonExample" name="addBook" time="2.085"/>
  <testcase classname="tests.DynamicJsonExample" name="addBook" time="0.238"/>
</testsuite> <!-- tests.DynamicJsonExample -->
