<?xml version="1.0" encoding="UTF-8"?>
<!-- Generated by org.testng.reporters.JUnitReportReporter -->
<testsuite hostname="LAPTOP-43ST5V3O" failures="0" tests="1" name="files.SumValidation" time="1.355" errors="0" timestamp="2024-07-19T13:38:18 WIB" skipped="0">
  <testcase classname="files.SumValidation" name="sumOfCourses" time="1.355"/>
</testsuite> <!-- files.SumValidation -->
