<?xml version="1.0" encoding="UTF-8"?>
<!-- Generated by org.testng.reporters.JUnitReportReporter -->
<testsuite hostname="LAPTOP-43ST5V3O" failures="0" tests="1" name="tests.DynamicJson" time="2.138" errors="0" timestamp="2024-08-14T03:51:21 WIB" skipped="0">
  <testcase classname="tests.DynamicJson" name="addBook" time="2.138"/>
</testsuite> <!-- tests.DynamicJson -->
